<?xml version="1.0" encoding="UTF-8"?>
<!-- Generated by org.testng.reporters.JUnitXMLReporter -->
<testsuite hostname="Akshay-PC" name="Command line test" tests="3" failures="0" timestamp="18 Jan 2018 15:54:20 GMT" time="15.374" errors="0">
  <testcase name="postAPITest" time="14.491" classname="com.qa.tests.PostAPITest"/>
  <testcase name="getAPITestWithoutHeaders" time="0.466" classname="com.qa.tests.GetAPITest"/>
  <testcase name="getAPITestWithHeaders" time="0.358" classname="com.qa.tests.GetAPITest"/>
</testsuite> <!-- Command line test -->
